Determining if the pthread_create exist failed with the following output:
Change Dir: /home/gokulbnr/RRC/IROS18_Multi/Ceres/CMakeFiles/CMakeTmp

Run Build Command:/usr/bin/make "cmTryCompileExec4291906762/fast"
/usr/bin/make -f CMakeFiles/cmTryCompileExec4291906762.dir/build.make CMakeFiles/cmTryCompileExec4291906762.dir/build
make[1]: Entering directory `/home/gokulbnr/RRC/IROS18_Multi/Ceres/CMakeFiles/CMakeTmp'
/usr/bin/cmake -E cmake_progress_report /home/gokulbnr/RRC/IROS18_Multi/Ceres/CMakeFiles/CMakeTmp/CMakeFiles 1
Building C object CMakeFiles/cmTryCompileExec4291906762.dir/CheckSymbolExists.c.o
/usr/bin/cc    -o CMakeFiles/cmTryCompileExec4291906762.dir/CheckSymbolExists.c.o   -c /home/gokulbnr/RRC/IROS18_Multi/Ceres/CMakeFiles/CMakeTmp/CheckSymbolExists.c
Linking C executable cmTryCompileExec4291906762
/usr/bin/cmake -E cmake_link_script CMakeFiles/cmTryCompileExec4291906762.dir/link.txt --verbose=1
/usr/bin/cc       CMakeFiles/cmTryCompileExec4291906762.dir/CheckSymbolExists.c.o  -o cmTryCompileExec4291906762 -rdynamic 
CMakeFiles/cmTryCompileExec4291906762.dir/CheckSymbolExists.c.o: In function `main':
CheckSymbolExists.c:(.text+0x16): undefined reference to `pthread_create'
collect2: error: ld returned 1 exit status
make[1]: *** [cmTryCompileExec4291906762] Error 1
make[1]: Leaving directory `/home/gokulbnr/RRC/IROS18_Multi/Ceres/CMakeFiles/CMakeTmp'
make: *** [cmTryCompileExec4291906762/fast] Error 2

File /home/gokulbnr/RRC/IROS18_Multi/Ceres/CMakeFiles/CMakeTmp/CheckSymbolExists.c:
/* */
#include <pthread.h>

int main(int argc, char** argv)
{
  (void)argv;
#ifndef pthread_create
  return ((int*)(&pthread_create))[argc];
#else
  (void)argc;
  return 0;
#endif
}

Determining if the function pthread_create exists in the pthreads failed with the following output:
Change Dir: /home/gokulbnr/RRC/IROS18_Multi/Ceres/CMakeFiles/CMakeTmp

Run Build Command:/usr/bin/make "cmTryCompileExec4246853936/fast"
/usr/bin/make -f CMakeFiles/cmTryCompileExec4246853936.dir/build.make CMakeFiles/cmTryCompileExec4246853936.dir/build
make[1]: Entering directory `/home/gokulbnr/RRC/IROS18_Multi/Ceres/CMakeFiles/CMakeTmp'
/usr/bin/cmake -E cmake_progress_report /home/gokulbnr/RRC/IROS18_Multi/Ceres/CMakeFiles/CMakeTmp/CMakeFiles 1
Building C object CMakeFiles/cmTryCompileExec4246853936.dir/CheckFunctionExists.c.o
/usr/bin/cc   -DCHECK_FUNCTION_EXISTS=pthread_create   -o CMakeFiles/cmTryCompileExec4246853936.dir/CheckFunctionExists.c.o   -c /usr/share/cmake-2.8/Modules/CheckFunctionExists.c
Linking C executable cmTryCompileExec4246853936
/usr/bin/cmake -E cmake_link_script CMakeFiles/cmTryCompileExec4246853936.dir/link.txt --verbose=1
/usr/bin/cc   -DCHECK_FUNCTION_EXISTS=pthread_create    CMakeFiles/cmTryCompileExec4246853936.dir/CheckFunctionExists.c.o  -o cmTryCompileExec4246853936 -rdynamic -lpthreads 
/usr/bin/ld: cannot find -lpthreads
collect2: error: ld returned 1 exit status
make[1]: *** [cmTryCompileExec4246853936] Error 1
make[1]: Leaving directory `/home/gokulbnr/RRC/IROS18_Multi/Ceres/CMakeFiles/CMakeTmp'
make: *** [cmTryCompileExec4246853936/fast] Error 2


